2014-01-22 09:58:10 trace :
------------
Array:
from : fromUser ;
to : toUser ;
time : 1390355890 ;
type : text ;
event :  ;
tousername : toUser ;
fromusername : fromUser ;
createtime : 1390355890 ;
msgtype : text ;
content : 投票 ;
msgid : 1234567890123456 ;

2014-01-22 09:58:10 params :
------------
Array:
module : vote ;
rule : 67 ;
priority : 0 ;
keyword : Array ;

2014-01-22 09:58:10 response :
------------
Array:
FromUserName : toUser ;
ToUserName : fromUser ;
MsgType : news ;
ArticleCount : 1 ;
Articles : Array ;

2014-01-22 10:01:07 trace :
------------
Array:
from : fromUser ;
to : toUser ;
time : 1390356068 ;
type : text ;
event :  ;
tousername : toUser ;
fromusername : fromUser ;
createtime : 1390356068 ;
msgtype : text ;
content : 投票 ;
msgid : 1234567890123456 ;

2014-01-22 10:01:07 params :
------------
Array:
module : vote ;
rule : 67 ;
priority : 0 ;
keyword : Array ;

2014-01-22 10:01:07 response :
------------
Array:
FromUserName : toUser ;
ToUserName : fromUser ;
MsgType : news ;
ArticleCount : 1 ;
Articles : Array ;

