2014-03-24 08:49:58 trace :
------------
Array:
from : fromUser ;
to : toUser ;
time : 1395622198 ;
type : text ;
event :  ;
tousername : toUser ;
fromusername : fromUser ;
createtime : 1395622198 ;
msgtype : text ;
content : 商城 ;
msgid : 1234567890123456 ;

2014-03-24 08:49:58 params :
------------
Array:
module : cover ;
rule : 462 ;
priority : 0 ;
keyword : Array ;

2014-03-24 08:49:58 response :
------------
Array:
FromUserName : toUser ;
ToUserName : fromUser ;
MsgType : news ;
ArticleCount : 1 ;
Articles : Array ;

2014-03-24 08:54:17 trace :
------------
Array:
from : fromUser ;
to : toUser ;
time : 1395622457 ;
type : text ;
event :  ;
tousername : toUser ;
fromusername : fromUser ;
createtime : 1395622457 ;
msgtype : text ;
content : 商城 ;
msgid : 1234567890123456 ;

2014-03-24 08:54:17 params :
------------
Array:
module : default ;
rule : -1 ;

2014-03-24 08:54:17 response :
------------
Array:
FromUserName : toUser ;
ToUserName : fromUser ;
MsgType : text ;
Content :  ;

2014-03-24 08:54:25 trace :
------------
Array:
from : fromUser ;
to : toUser ;
time : 1395622466 ;
type : image ;
event :  ;
tousername : toUser ;
fromusername : fromUser ;
createtime : 1395622466 ;
msgtype : image ;
picurl : http://www.baidu.com/img/bdlogo.gif ;
msgid : 1234567890123456 ;
content :  ;

2014-03-24 08:54:25 params :
------------
Array:
module : default ;
rule : -1 ;

2014-03-24 08:54:25 response :
------------
Array:
FromUserName : toUser ;
ToUserName : fromUser ;
MsgType : text ;
Content :  ;

2014-03-24 08:54:29 trace :
------------
Array:
from : fromUser ;
to : toUser ;
time : 1395622469 ;
type : location ;
event :  ;
tousername : toUser ;
fromusername : fromUser ;
createtime : 1395622469 ;
msgtype : location ;
location_x : 23.134521 ;
location_y : 113.358803 ;
scale : 20 ;
label : 位置信息 ;
msgid : 1234567890123456 ;
content :  ;

2014-03-24 08:54:29 params :
------------
Array:
module : default ;
rule : -1 ;

2014-03-24 08:54:29 response :
------------
Array:
FromUserName : toUser ;
ToUserName : fromUser ;
MsgType : text ;
Content :  ;

2014-03-24 08:59:01 trace :
------------
Array:
from : fromUser ;
to : toUser ;
time : 1395622741 ;
type : text ;
event :  ;
tousername : toUser ;
fromusername : fromUser ;
createtime : 1395622741 ;
msgtype : text ;
content : 相册 ;
msgid : 1234567890123456 ;

2014-03-24 08:59:01 params :
------------
Array:
module : cover ;
rule : 465 ;
priority : 0 ;
keyword : Array ;

2014-03-24 08:59:01 response :
------------
Array:
FromUserName : toUser ;
ToUserName : fromUser ;
MsgType : news ;
ArticleCount : 1 ;
Articles : Array ;

2014-03-24 11:55:15 trace :
------------
Array:
from : fromUser ;
to : toUser ;
time : 1395633315 ;
type : text ;
event :  ;
tousername : toUser ;
fromusername : fromUser ;
createtime : 1395633315 ;
msgtype : text ;
content : 营业厅商城 ;
msgid : 1234567890123456 ;

2014-03-24 11:55:15 params :
------------
Array:
module : cover ;
rule : 466 ;
priority : 0 ;
keyword : Array ;

2014-03-24 11:55:15 response :
------------
Array:
FromUserName : toUser ;
ToUserName : fromUser ;
MsgType : news ;
ArticleCount : 1 ;
Articles : Array ;

2014-03-24 11:56:48 trace :
------------
Array:
from : fromUser ;
to : toUser ;
time : 1395633408 ;
type : text ;
event :  ;
tousername : toUser ;
fromusername : fromUser ;
createtime : 1395633408 ;
msgtype : text ;
content : 营业厅商城 ;
msgid : 1234567890123456 ;

2014-03-24 11:56:48 params :
------------
Array:
module : cover ;
rule : 467 ;
priority : 0 ;
keyword : Array ;

2014-03-24 11:56:48 response :
------------
Array:
FromUserName : toUser ;
ToUserName : fromUser ;
MsgType : news ;
ArticleCount : 1 ;
Articles : Array ;

2014-03-24 15:59:46 trace :
------------
Array:
from : fromUser ;
to : toUser ;
time : 1395647985 ;
type : text ;
event :  ;
tousername : toUser ;
fromusername : fromUser ;
createtime : 1395647985 ;
msgtype : text ;
content : 营业厅商城 ;
msgid : 1234567890123456 ;

2014-03-24 15:59:46 params :
------------
Array:
module : cover ;
rule : 467 ;
priority : 0 ;
keyword : Array ;

2014-03-24 15:59:46 response :
------------
Array:
FromUserName : toUser ;
ToUserName : fromUser ;
MsgType : news ;
ArticleCount : 1 ;
Articles : Array ;

