2014-03-10 10:46:23 trace :
------------
Array:
from : fromUser ;
to : toUser ;
time : 1394419583 ;
type : text ;
event :  ;
tousername : toUser ;
fromusername : fromUser ;
createtime : 1394419583 ;
msgtype : text ;
content : 商城 ;
msgid : 1234567890123456 ;

2014-03-10 10:46:23 params :
------------
Array:
module : cover ;
rule : 464 ;
priority : 0 ;
keyword : Array ;

2014-03-10 10:46:23 response :
------------
Array:
FromUserName : toUser ;
ToUserName : fromUser ;
MsgType : news ;
ArticleCount : 1 ;
Articles : Array ;

