2014-03-14 17:23:11 trace :
------------
Array:
from : fromUser ;
to : toUser ;
time : 1394788990 ;
type : text ;
event :  ;
tousername : toUser ;
fromusername : fromUser ;
createtime : 1394788990 ;
msgtype : text ;
content : 商城 ;
msgid : 1234567890123456 ;

2014-03-14 17:23:11 params :
------------
Array:
module : default ;
rule : -1 ;

2014-03-14 17:23:11 response :
------------
Array:
FromUserName : toUser ;
ToUserName : fromUser ;
MsgType : text ;
Content : hi~ 微易是领先公众帐号平台服务中心，帮助企业设置微商城，微营销，微官网，微会员，助力企业微营销。*****您可通过下方菜单栏了解微易更多服务***** ;

2014-03-14 17:23:32 trace :
------------
Array:
from : fromUser ;
to : toUser ;
time : 1394789013 ;
type : text ;
event :  ;
tousername : toUser ;
fromusername : fromUser ;
createtime : 1394789013 ;
msgtype : text ;
content : 测试内容 ;
msgid : 1234567890123456 ;

2014-03-14 17:23:32 params :
------------
Array:
module : default ;
rule : -1 ;

2014-03-14 17:23:32 response :
------------
Array:
FromUserName : toUser ;
ToUserName : fromUser ;
MsgType : text ;
Content :  ;

2014-03-14 17:23:39 trace :
------------
Array:
from : fromUser ;
to : toUser ;
time : 1394789019 ;
type : text ;
event :  ;
tousername : toUser ;
fromusername : fromUser ;
createtime : 1394789019 ;
msgtype : text ;
content : 商城 ;
msgid : 1234567890123456 ;

2014-03-14 17:23:39 params :
------------
Array:
module : cover ;
rule : 462 ;
priority : 0 ;
keyword : Array ;

2014-03-14 17:23:39 response :
------------
Array:
FromUserName : toUser ;
ToUserName : fromUser ;
MsgType : news ;
ArticleCount : 1 ;
Articles : Array ;

