2014-01-16 11:16:51 trace :
------------
Array:
from : fromUser ;
to : toUser ;
time : 1389842212 ;
type : text ;
event :  ;
tousername : toUser ;
fromusername : fromUser ;
createtime : 1389842212 ;
msgtype : text ;
content : 投票 ;
msgid : 1234567890123456 ;

2014-01-16 11:16:51 params :
------------
Array:
module : vote ;
rule : 67 ;
priority : 0 ;
keyword : Array ;

2014-01-16 11:16:51 response :
------------
Array:
FromUserName : toUser ;
ToUserName : fromUser ;
MsgType : news ;
ArticleCount : 1 ;
Articles : Array ;

2014-01-16 14:26:17 trace :
------------
Array:
from : fromUser123 ;
to : toUser ;
time : 1389853577 ;
type : text ;
event :  ;
tousername : toUser ;
fromusername : fromUser123 ;
createtime : 1389853577 ;
msgtype : text ;
content : 投票 ;
msgid : 1234567890123456 ;

2014-01-16 14:26:17 params :
------------
Array:
module : vote ;
rule : 67 ;
priority : 0 ;
keyword : Array ;

2014-01-16 14:26:17 response :
------------
Array:
FromUserName : toUser ;
ToUserName : fromUser123 ;
MsgType : news ;
ArticleCount : 1 ;
Articles : Array ;

2014-01-16 14:32:54 trace :
------------
Array:
from : fromUser123 ;
to : toUser ;
time : 1389853975 ;
type : image ;
event :  ;
tousername : toUser ;
fromusername : fromUser123 ;
createtime : 1389853975 ;
msgtype : image ;
picurl : http://www.baidu.com/img/bdlogo.gif ;
msgid : 1234567890123456 ;
content :  ;

2014-01-16 14:32:55 params :
------------
Array:
module : default ;
rule : -1 ;

2014-01-16 14:32:55 response :
------------
Array:
FromUserName : toUser ;
ToUserName : fromUser123 ;
MsgType : text ;
Content : 默认回复 ;

2014-01-16 14:33:11 trace :
------------
Array:
from : fromUser123 ;
to : toUser ;
time : 1389853992 ;
type : image ;
event :  ;
tousername : toUser ;
fromusername : fromUser123 ;
createtime : 1389853992 ;
msgtype : image ;
picurl : http://www.baidu.com/img/bdlogo.gif ;
msgid : 1234567890123456 ;
content :  ;

2014-01-16 14:33:11 params :
------------
Array:
module : default ;
rule : -1 ;

2014-01-16 14:33:11 response :
------------
Array:
FromUserName : toUser ;
ToUserName : fromUser123 ;
MsgType : text ;
Content : 默认回复 ;

2014-01-16 14:33:25 trace :
------------
Array:
from : fromUser12312 ;
to : toUser ;
time : 1389854005 ;
type : image ;
event :  ;
tousername : toUser ;
fromusername : fromUser12312 ;
createtime : 1389854005 ;
msgtype : image ;
picurl : http://www.baidu.com/img/bdlogo.gif ;
msgid : 1234567890123456 ;
content :  ;

2014-01-16 14:33:25 params :
------------
Array:
module : default ;
rule : -1 ;

2014-01-16 14:33:25 response :
------------
Array:
FromUserName : toUser ;
ToUserName : fromUser12312 ;
MsgType : text ;
Content : 默认回复 ;

2014-01-16 14:33:41 trace :
------------
Array:
from : fromUser12312 ;
to : toUser ;
time : 1389854021 ;
type : text ;
event :  ;
tousername : toUser ;
fromusername : fromUser12312 ;
createtime : 1389854021 ;
msgtype : text ;
content : 投票 ;
msgid : 1234567890123456 ;

2014-01-16 14:33:41 params :
------------
Array:
module : vote ;
rule : 67 ;
priority : 0 ;
keyword : Array ;

2014-01-16 14:33:41 response :
------------
Array:
FromUserName : toUser ;
ToUserName : fromUser12312 ;
MsgType : news ;
ArticleCount : 1 ;
Articles : Array ;

