2014-03-06 09:55:07 trace :
------------
Array:
from : fromUser ;
to : toUser ;
time : 1394070907 ;
type : text ;
event :  ;
tousername : toUser ;
fromusername : fromUser ;
createtime : 1394070907 ;
msgtype : text ;
content : http://ptlogin2.qq.com/getimage?aid=15000501& ;
msgid : 1234567890123456 ;

2014-03-06 09:55:07 params :
------------
Array:
module : default ;
rule : -1 ;

2014-03-06 09:55:07 response :
------------
Array:
FromUserName : toUser ;
ToUserName : fromUser ;
MsgType : text ;
Content :  ;

2014-03-06 09:55:13 trace :
------------
Array:
from : fromUser ;
to : toUser ;
time : 1394070913 ;
type : text ;
event :  ;
tousername : toUser ;
fromusername : fromUser ;
createtime : 1394070913 ;
msgtype : text ;
content : 商城 ;
msgid : 1234567890123456 ;

2014-03-06 09:55:13 params :
------------
Array:
module : cover ;
rule : 462 ;
priority : 0 ;
keyword : Array ;

2014-03-06 09:55:13 response :
------------
Array:
FromUserName : toUser ;
ToUserName : fromUser ;
MsgType : news ;
ArticleCount : 1 ;
Articles : Array ;

