2014-03-11 15:24:00 trace :
------------
Array:
from : fromUser ;
to : toUser ;
time : 1394522639 ;
type : text ;
event :  ;
tousername : toUser ;
fromusername : fromUser ;
createtime : 1394522639 ;
msgtype : text ;
content : 商城 ;
msgid : 1234567890123456 ;

2014-03-11 15:24:00 params :
------------
Array:
module : default ;
rule : -1 ;

2014-03-11 15:24:00 response :
------------
Array:
FromUserName : toUser ;
ToUserName : fromUser ;
MsgType : text ;
Content : hi~ 微易是领先公众帐号服务平台，帮助企业设置微商城，微营销，微官网，微会员，助力企业微营销。*****您可通过下方菜单栏了解微易更多服务***** ;

2014-03-11 15:24:17 trace :
------------
Array:
from : fromUser ;
to : toUser ;
time : 1394522657 ;
type : text ;
event :  ;
tousername : toUser ;
fromusername : fromUser ;
createtime : 1394522657 ;
msgtype : text ;
content : 商城 ;
msgid : 1234567890123456 ;

2014-03-11 15:24:17 params :
------------
Array:
module : cover ;
rule : 462 ;
priority : 0 ;
keyword : Array ;

2014-03-11 15:24:17 response :
------------
Array:
FromUserName : toUser ;
ToUserName : fromUser ;
MsgType : news ;
ArticleCount : 1 ;
Articles : Array ;

