2014-03-05 09:51:12 trace :
------------
Array:
from : fromUser ;
to : toUser ;
time : 1393984272 ;
type : text ;
event :  ;
tousername : toUser ;
fromusername : fromUser ;
createtime : 1393984272 ;
msgtype : text ;
content : 商城 ;
msgid : 1234567890123456 ;

2014-03-05 09:51:12 params :
------------
Array:
module : cover ;
rule : 462 ;
priority : 0 ;
keyword : Array ;

2014-03-05 09:51:12 response :
------------
Array:
FromUserName : toUser ;
ToUserName : fromUser ;
MsgType : news ;
ArticleCount : 1 ;
Articles : Array ;

2014-03-05 11:53:28 trace :
------------
Array:
from : fromUser ;
to : toUser ;
time : 1393991609 ;
type : text ;
event :  ;
tousername : toUser ;
fromusername : fromUser ;
createtime : 1393991609 ;
msgtype : text ;
content : 商城 ;
msgid : 1234567890123456 ;

2014-03-05 11:53:29 params :
------------
Array:
module : cover ;
rule : 462 ;
priority : 0 ;
keyword : Array ;

2014-03-05 11:53:29 response :
------------
Array:
FromUserName : toUser ;
ToUserName : fromUser ;
MsgType : news ;
ArticleCount : 1 ;
Articles : Array ;

