2014-03-12 15:23:18 trace :
------------
Array:
from : fromUser ;
to : toUser ;
time : 1394608998 ;
type : text ;
event :  ;
tousername : toUser ;
fromusername : fromUser ;
createtime : 1394608998 ;
msgtype : text ;
content : 商城 ;
msgid : 1234567890123456 ;

2014-03-12 15:23:18 params :
------------
Array:
module : cover ;
rule : 462 ;
priority : 0 ;
keyword : Array ;

2014-03-12 15:23:18 response :
------------
Array:
FromUserName : toUser ;
ToUserName : fromUser ;
MsgType : news ;
ArticleCount : 1 ;
Articles : Array ;

2014-03-12 16:00:10 trace :
------------
Array:
from : fromUser ;
to : toUser ;
time : 1394611211 ;
type : text ;
event :  ;
tousername : toUser ;
fromusername : fromUser ;
createtime : 1394611211 ;
msgtype : text ;
content : 商城 ;
msgid : 1234567890123456 ;

2014-03-12 16:00:10 params :
------------
Array:
module : default ;
rule : -1 ;

2014-03-12 16:00:10 response :
------------
Array:
FromUserName : toUser ;
ToUserName : fromUser ;
MsgType : text ;
Content : hi~ 微易是领先公众帐号服务平台，帮助企业设置微商城，微营销，微官网，微会员，助力企业微营销。*****您可通过下方菜单栏了解微易更多服务***** ;

2014-03-12 16:00:34 trace :
------------
Array:
from : fromUser ;
to : toUser ;
time : 1394611234 ;
type : text ;
event :  ;
tousername : toUser ;
fromusername : fromUser ;
createtime : 1394611234 ;
msgtype : text ;
content : 商城 ;
msgid : 1234567890123456 ;

2014-03-12 16:00:34 params :
------------
Array:
module : cover ;
rule : 462 ;
priority : 0 ;
keyword : Array ;

2014-03-12 16:00:34 response :
------------
Array:
FromUserName : toUser ;
ToUserName : fromUser ;
MsgType : news ;
ArticleCount : 1 ;
Articles : Array ;

2014-03-12 16:03:46 trace :
------------
Array:
from : fromUser ;
to : toUser ;
time : 1394611426 ;
type : text ;
event :  ;
tousername : toUser ;
fromusername : fromUser ;
createtime : 1394611426 ;
msgtype : text ;
content : 商城 ;
msgid : 1234567890123456 ;

2014-03-12 16:03:46 params :
------------
Array:
module : cover ;
rule : 462 ;
priority : 0 ;
keyword : Array ;

2014-03-12 16:03:46 response :
------------
Array:
FromUserName : toUser ;
ToUserName : fromUser ;
MsgType : news ;
ArticleCount : 1 ;
Articles : Array ;

