2014-03-19 09:50:15 trace :
------------
Array:
from : fromUser ;
to : toUser ;
time : 1395193815 ;
type : text ;
event :  ;
tousername : toUser ;
fromusername : fromUser ;
createtime : 1395193815 ;
msgtype : text ;
content : 商城 ;
msgid : 1234567890123456 ;

2014-03-19 09:50:15 params :
------------
Array:
module : cover ;
rule : 462 ;
priority : 0 ;
keyword : Array ;

2014-03-19 09:50:15 response :
------------
Array:
FromUserName : toUser ;
ToUserName : fromUser ;
MsgType : news ;
ArticleCount : 1 ;
Articles : Array ;

