2014-03-07 08:57:30 trace :
------------
Array:
from : fromUser ;
to : toUser ;
time : 1394153850 ;
type : text ;
event :  ;
tousername : toUser ;
fromusername : fromUser ;
createtime : 1394153850 ;
msgtype : text ;
content : 商城 ;
msgid : 1234567890123456 ;

2014-03-07 08:57:30 params :
------------
Array:
module : cover ;
rule : 462 ;
priority : 0 ;
keyword : Array ;

2014-03-07 08:57:30 response :
------------
Array:
FromUserName : toUser ;
ToUserName : fromUser ;
MsgType : news ;
ArticleCount : 1 ;
Articles : Array ;

2014-03-07 09:04:49 trace :
------------
Array:
from : fromUser ;
to : toUser ;
time : 1394154289 ;
type : text ;
event :  ;
tousername : toUser ;
fromusername : fromUser ;
createtime : 1394154289 ;
msgtype : text ;
content : 大转盘 ;
msgid : 1234567890123456 ;

2014-03-07 09:04:49 params :
------------
Array:
module : default ;
rule : -1 ;

2014-03-07 09:04:49 response :
------------
Array:
FromUserName : toUser ;
ToUserName : fromUser ;
MsgType : text ;
Content :  ;

2014-03-07 09:04:55 trace :
------------
Array:
from : fromUser ;
to : toUser ;
time : 1394154296 ;
type : text ;
event :  ;
tousername : toUser ;
fromusername : fromUser ;
createtime : 1394154296 ;
msgtype : text ;
content : 大转盘 ;
msgid : 1234567890123456 ;

2014-03-07 09:04:55 params :
------------
Array:
module : default ;
rule : -1 ;

2014-03-07 09:04:55 response :
------------
Array:
FromUserName : toUser ;
ToUserName : fromUser ;
MsgType : text ;
Content :  ;

2014-03-07 09:05:21 trace :
------------
Array:
from : fromUser ;
to : toUser ;
time : 1394154321 ;
type : text ;
event :  ;
tousername : toUser ;
fromusername : fromUser ;
createtime : 1394154321 ;
msgtype : text ;
content : 大转盘 ;
msgid : 1234567890123456 ;

2014-03-07 09:05:21 params :
------------
Array:
module : default ;
rule : -1 ;

2014-03-07 09:05:21 response :
------------
Array:
FromUserName : toUser ;
ToUserName : fromUser ;
MsgType : text ;
Content :  ;

2014-03-07 09:05:24 trace :
------------
Array:
from : fromUser ;
to : toUser ;
time : 1394154325 ;
type : text ;
event :  ;
tousername : toUser ;
fromusername : fromUser ;
createtime : 1394154325 ;
msgtype : text ;
content : 大转盘 ;
msgid : 1234567890123456 ;

2014-03-07 09:05:24 params :
------------
Array:
module : default ;
rule : -1 ;

2014-03-07 09:05:24 response :
------------
Array:
FromUserName : toUser ;
ToUserName : fromUser ;
MsgType : text ;
Content :  ;

2014-03-07 09:17:24 trace :
------------
Array:
from : fromUser ;
to : toUser ;
time : 1394155044 ;
type : text ;
event :  ;
tousername : toUser ;
fromusername : fromUser ;
createtime : 1394155044 ;
msgtype : text ;
content : 2 ;
msgid : 1234567890123456 ;

2014-03-07 09:17:24 params :
------------
Array:
module : default ;
rule : -1 ;

2014-03-07 09:17:24 response :
------------
Array:
FromUserName : toUser ;
ToUserName : fromUser ;
MsgType : text ;
Content :  ;

2014-03-07 09:18:10 trace :
------------
Array:
from : fromUser ;
to : toUser ;
time : 1394155090 ;
type : text ;
event :  ;
tousername : toUser ;
fromusername : fromUser ;
createtime : 1394155090 ;
msgtype : text ;
content : 123123123 ;
msgid : 1234567890123456 ;

2014-03-07 09:18:10 params :
------------
Array:
module : lotery ;
rule : 403 ;
priority : 0 ;
keyword : Array ;

2014-03-07 09:18:10 response :
------------
Array:
FromUserName : toUser ;
ToUserName : fromUser ;
MsgType : news ;
ArticleCount : 1 ;
Articles : Array ;

2014-03-07 09:22:04 trace :
------------
Array:
from : fromUser ;
to : toUser ;
time : 1394155325 ;
type : text ;
event :  ;
tousername : toUser ;
fromusername : fromUser ;
createtime : 1394155325 ;
msgtype : text ;
content : 123123 ;
msgid : 1234567890123456 ;

2014-03-07 09:22:04 params :
------------
Array:
module : scratch ;
rule : 463 ;
priority : 0 ;
keyword : Array ;

2014-03-07 09:22:04 response :
------------
Array:
FromUserName : toUser ;
ToUserName : fromUser ;
MsgType : news ;
ArticleCount : 1 ;
Articles : Array ;

2014-03-07 15:14:08 trace :
------------
Array:
from : fromUser ;
to : toUser ;
time : 1394176448 ;
type : text ;
event :  ;
tousername : toUser ;
fromusername : fromUser ;
createtime : 1394176448 ;
msgtype : text ;
content : 商城 ;
msgid : 1234567890123456 ;

2014-03-07 15:14:08 params :
------------
Array:
module : default ;
rule : -1 ;

2014-03-07 15:14:08 response :
------------
Array:
FromUserName : toUser ;
ToUserName : fromUser ;
MsgType : text ;
Content : 123 ;

2014-03-07 15:14:11 trace :
------------
Array:
from : fromUser ;
to : toUser ;
time : 1394176452 ;
type : text ;
event :  ;
tousername : toUser ;
fromusername : fromUser ;
createtime : 1394176452 ;
msgtype : text ;
content : 商城 ;
msgid : 1234567890123456 ;

2014-03-07 15:14:11 params :
------------
Array:
module : default ;
rule : -1 ;

2014-03-07 15:14:11 response :
------------
Array:
FromUserName : toUser ;
ToUserName : fromUser ;
MsgType : text ;
Content : 123 ;

2014-03-07 15:14:13 trace :
------------
Array:
from : fromUser ;
to : toUser ;
time : 1394176453 ;
type : text ;
event :  ;
tousername : toUser ;
fromusername : fromUser ;
createtime : 1394176453 ;
msgtype : text ;
content : 商城 ;
msgid : 1234567890123456 ;

2014-03-07 15:14:13 params :
------------
Array:
module : default ;
rule : -1 ;

2014-03-07 15:14:13 response :
------------
Array:
FromUserName : toUser ;
ToUserName : fromUser ;
MsgType : text ;
Content : 123 ;

2014-03-07 15:14:43 trace :
------------
Array:
from : fromUser ;
to : toUser ;
time : 1394176483 ;
type : text ;
event :  ;
tousername : toUser ;
fromusername : fromUser ;
createtime : 1394176483 ;
msgtype : text ;
content : 商城 ;
msgid : 1234567890123456 ;

2014-03-07 15:14:43 params :
------------
Array:
module : cover ;
rule : 464 ;
priority : 0 ;
keyword : Array ;

2014-03-07 15:14:43 response :
------------
Array:
FromUserName : toUser ;
ToUserName : fromUser ;
MsgType : news ;
ArticleCount : 1 ;
Articles : Array ;

