Microsoft (R) .NET Framework 安装实用工具版本 2.0.50727.5420
版权所有(C) Microsoft Corporation。保留所有权利。



正在开始卸载。
查看日志文件的内容以获得 D:\个人项目\wanerdao2.0\源程序\WanerDao.Service.WebSearch\WanerDao.Service.WcfSearch\bin\WanerDao.Service.WebSearch.exe 程序集的进度。
该文件位于 。
正在卸载程序集“D:\个人项目\wanerdao2.0\源程序\WanerDao.Service.WebSearch\WanerDao.Service.WcfSearch\bin\WanerDao.Service.WebSearch.exe”。
受影响的参数是:
   logtoconsole = 
   assemblypath = D:\个人项目\wanerdao2.0\源程序\WanerDao.Service.WebSearch\WanerDao.Service.WcfSearch\bin\WanerDao.Service.WebSearch.exe
   logfile = 
正在移除 EventLog 源 WanerDao.IndexingService。
正在从系统中移除服务 WanerDao.IndexingService...
已成功地从系统中移除服务 WanerDao.IndexingService。
试图停止服务 WanerDao.IndexingService。

卸载完成。
Microsoft (R) .NET Framework 安装实用工具版本 2.0.50727.5420
版权所有(C) Microsoft Corporation。保留所有权利。


正在运行事务处理安装。

正在开始安装的“安装”阶段。
查看日志文件的内容以获得 D:\个人项目\wanerdao2.0\源程序\WanerDao.Service.WebSearch\WanerDao.Service.WcfSearch\bin\WanerDao.Service.WebSearch.exe 程序集的进度。
该文件位于 。
正在安装程序集“D:\个人项目\wanerdao2.0\源程序\WanerDao.Service.WebSearch\WanerDao.Service.WcfSearch\bin\WanerDao.Service.WebSearch.exe”。
受影响的参数是:
   logtoconsole = 
   assemblypath = D:\个人项目\wanerdao2.0\源程序\WanerDao.Service.WebSearch\WanerDao.Service.WcfSearch\bin\WanerDao.Service.WebSearch.exe
   logfile = 
正在安装服务 WanerDao.IndexingService...
已成功安装服务 WanerDao.IndexingService。
正在日志 Application 中创建 EventLog 源 WanerDao.IndexingService...

“安装”阶段已成功完成，正在开始“提交”阶段。
查看日志文件的内容以获得 D:\个人项目\wanerdao2.0\源程序\WanerDao.Service.WebSearch\WanerDao.Service.WcfSearch\bin\WanerDao.Service.WebSearch.exe 程序集的进度。
该文件位于 。
正在提交程序集“D:\个人项目\wanerdao2.0\源程序\WanerDao.Service.WebSearch\WanerDao.Service.WcfSearch\bin\WanerDao.Service.WebSearch.exe”。
受影响的参数是:
   logtoconsole = 
   assemblypath = D:\个人项目\wanerdao2.0\源程序\WanerDao.Service.WebSearch\WanerDao.Service.WcfSearch\bin\WanerDao.Service.WebSearch.exe
   logfile = 

“提交”阶段已成功完成。

已完成事务处理安装。
WanerDao Web Search 服务正在启动 .
WanerDao Web Search 服务已经启动成功。

