0 info it worked if it ends with ok
1 verbose cli [ 'F:\\nodejs\\node\\\\node.exe',
1 verbose cli   'F:\\nodejs\\node\\node_modules\\npm\\bin\\npm-cli.js',
1 verbose cli   'install',
1 verbose cli   'shepherd-js' ]
2 info using npm@2.9.0
3 info using node@v0.10.31
4 verbose node symlink F:\nodejs\node\\node.exe
5 verbose install initial load of F:\web\project\alienjs\public\js\package.json
6 verbose installManyTop reading scoped package data from F:\web\project\alienjs\public\js\node_modules\alienjs\package.json
7 verbose installManyTop reading scoped package data from F:\web\project\alienjs\public\js\node_modules\alienjs-ajax\package.json
8 verbose installManyTop reading scoped package data from F:\web\project\alienjs\public\js\node_modules\alienjs-ajaxpanel\package.json
9 verbose installManyTop reading scoped package data from F:\web\project\alienjs\public\js\node_modules\alienjs-array\package.json
10 verbose installManyTop reading scoped package data from F:\web\project\alienjs\public\js\node_modules\alienjs-autocomplete\package.json
11 verbose installManyTop reading scoped package data from F:\web\project\alienjs\public\js\node_modules\alienjs-browser\package.json
12 verbose installManyTop reading scoped package data from F:\web\project\alienjs\public\js\node_modules\alienjs-calendar\package.json
13 verbose installManyTop reading scoped package data from F:\web\project\alienjs\public\js\node_modules\alienjs-collapse\package.json
14 verbose installManyTop reading scoped package data from F:\web\project\alienjs\public\js\node_modules\alienjs-combo\package.json
15 verbose installManyTop reading scoped package data from F:\web\project\alienjs\public\js\node_modules\alienjs-countdown\package.json
16 verbose installManyTop reading scoped package data from F:\web\project\alienjs\public\js\node_modules\alienjs-date\package.json
17 verbose installManyTop reading scoped package data from F:\web\project\alienjs\public\js\node_modules\alienjs-dialog\package.json
18 verbose installManyTop reading scoped package data from F:\web\project\alienjs\public\js\node_modules\alienjs-fileupload\package.json
19 verbose installManyTop reading scoped package data from F:\web\project\alienjs\public\js\node_modules\alienjs-fixed\package.json
20 verbose installManyTop reading scoped package data from F:\web\project\alienjs\public\js\node_modules\alienjs-func\package.json
21 verbose installManyTop reading scoped package data from F:\web\project\alienjs\public\js\node_modules\alienjs-grade\package.json
22 verbose installManyTop reading scoped package data from F:\web\project\alienjs\public\js\node_modules\alienjs-jade\package.json
23 verbose installManyTop reading scoped package data from F:\web\project\alienjs\public\js\node_modules\alienjs-jsonp\package.json
24 verbose installManyTop reading scoped package data from F:\web\project\alienjs\public\js\node_modules\alienjs-number\package.json
25 verbose installManyTop reading scoped package data from F:\web\project\alienjs\public\js\node_modules\alienjs-slider\package.json
26 verbose installManyTop reading scoped package data from F:\web\project\alienjs\public\js\node_modules\alienjs-spinner\package.json
27 verbose installManyTop reading scoped package data from F:\web\project\alienjs\public\js\node_modules\alienjs-string\package.json
28 verbose installManyTop reading scoped package data from F:\web\project\alienjs\public\js\node_modules\alienjs-swipevent\package.json
29 verbose installManyTop reading scoped package data from F:\web\project\alienjs\public\js\node_modules\alienjs-tabs\package.json
30 verbose installManyTop reading scoped package data from F:\web\project\alienjs\public\js\node_modules\alienjs-touchslider\package.json
31 verbose installManyTop reading scoped package data from F:\web\project\alienjs\public\js\node_modules\alienjs-validator\package.json
32 verbose installManyTop reading scoped package data from F:\web\project\alienjs\public\js\node_modules\alienjs-weixin\package.json
33 verbose installManyTop reading scoped package data from F:\web\project\alienjs\public\js\node_modules\angular\package.json
34 verbose installManyTop reading scoped package data from F:\web\project\alienjs\public\js\node_modules\angular-bootstrap\package.json
35 verbose installManyTop reading scoped package data from F:\web\project\alienjs\public\js\node_modules\angular-cookies\package.json
36 verbose installManyTop reading scoped package data from F:\web\project\alienjs\public\js\node_modules\angular-file-upload\package.json
37 verbose installManyTop reading scoped package data from F:\web\project\alienjs\public\js\node_modules\angular-lazyload\package.json
38 verbose installManyTop reading scoped package data from F:\web\project\alienjs\public\js\node_modules\angular-loading-bar\package.json
39 verbose installManyTop reading scoped package data from F:\web\project\alienjs\public\js\node_modules\angular-messages\package.json
40 verbose installManyTop reading scoped package data from F:\web\project\alienjs\public\js\node_modules\angular-route\package.json
41 verbose installManyTop reading scoped package data from F:\web\project\alienjs\public\js\node_modules\angular-ui-router\package.json
42 verbose installManyTop reading scoped package data from F:\web\project\alienjs\public\js\node_modules\angular2\package.json
43 verbose installManyTop reading scoped package data from F:\web\project\alienjs\public\js\node_modules\backbone\package.json
44 verbose installManyTop reading scoped package data from F:\web\project\alienjs\public\js\node_modules\bootstrap\package.json
45 verbose installManyTop reading scoped package data from F:\web\project\alienjs\public\js\node_modules\bootstrap-2.0.2\package.json
46 verbose installManyTop reading scoped package data from F:\web\project\alienjs\public\js\node_modules\deferred\package.json
47 verbose installManyTop reading scoped package data from F:\web\project\alienjs\public\js\node_modules\easing\package.json
48 verbose installManyTop reading scoped package data from F:\web\project\alienjs\public\js\node_modules\es5\package.json
49 verbose installManyTop reading scoped package data from F:\web\project\alienjs\public\js\node_modules\es6-module-loader\package.json
50 verbose installManyTop reading scoped package data from F:\web\project\alienjs\public\js\node_modules\es6-module-transpiler\package.json
51 verbose installManyTop reading scoped package data from F:\web\project\alienjs\public\js\node_modules\event\package.json
52 verbose installManyTop reading scoped package data from F:\web\project\alienjs\public\js\node_modules\fancybox\package.json
53 verbose installManyTop reading scoped package data from F:\web\project\alienjs\public\js\node_modules\guid\package.json
54 verbose installManyTop reading scoped package data from F:\web\project\alienjs\public\js\node_modules\html5\package.json
55 verbose installManyTop reading scoped package data from F:\web\project\alienjs\public\js\node_modules\jquery\package.json
56 verbose installManyTop reading scoped package data from F:\web\project\alienjs\public\js\node_modules\jquery-1.11.2\package.json
57 verbose installManyTop reading scoped package data from F:\web\project\alienjs\public\js\node_modules\jquery-animate\package.json
58 verbose installManyTop reading scoped package data from F:\web\project\alienjs\public\js\node_modules\jquery-cookie\package.json
59 verbose installManyTop reading scoped package data from F:\web\project\alienjs\public\js\node_modules\jquery-custom\package.json
60 verbose installManyTop reading scoped package data from F:\web\project\alienjs\public\js\node_modules\jquery-easing\package.json
61 verbose installManyTop reading scoped package data from F:\web\project\alienjs\public\js\node_modules\jquery-fileupload\package.json
62 verbose installManyTop reading scoped package data from F:\web\project\alienjs\public\js\node_modules\jquery-formvalidator\package.json
63 verbose installManyTop reading scoped package data from F:\web\project\alienjs\public\js\node_modules\jquery-json2select\package.json
64 verbose installManyTop reading scoped package data from F:\web\project\alienjs\public\js\node_modules\jquery-masonry\package.json
65 verbose installManyTop reading scoped package data from F:\web\project\alienjs\public\js\node_modules\jquery-md5\package.json
66 verbose installManyTop reading scoped package data from F:\web\project\alienjs\public\js\node_modules\jquery-migrate\package.json
67 verbose installManyTop reading scoped package data from F:\web\project\alienjs\public\js\node_modules\jquery-migrate-1.11.2\package.json
68 verbose installManyTop reading scoped package data from F:\web\project\alienjs\public\js\node_modules\jquery-plus\package.json
69 verbose installManyTop reading scoped package data from F:\web\project\alienjs\public\js\node_modules\jquery-scrollpagination\package.json
70 verbose installManyTop reading scoped package data from F:\web\project\alienjs\public\js\node_modules\jquery-timers\package.json
71 verbose installManyTop reading scoped package data from F:\web\project\alienjs\public\js\node_modules\jquery-transitionEnd\package.json
72 verbose installManyTop reading scoped package data from F:\web\project\alienjs\public\js\node_modules\kindeditor-4.1.7\package.json
73 verbose installManyTop reading scoped package data from F:\web\project\alienjs\public\js\node_modules\lazyload\package.json
74 verbose installManyTop reading scoped package data from F:\web\project\alienjs\public\js\node_modules\modernizr\package.json
75 verbose installManyTop reading scoped package data from F:\web\project\alienjs\public\js\node_modules\oclazyload\package.json
76 verbose installManyTop reading scoped package data from F:\web\project\alienjs\public\js\node_modules\polyfill\package.json
77 verbose installManyTop reading scoped package data from F:\web\project\alienjs\public\js\node_modules\prettify\package.json
78 verbose installManyTop reading scoped package data from F:\web\project\alienjs\public\js\node_modules\requirejs\package.json
79 verbose installManyTop reading scoped package data from F:\web\project\alienjs\public\js\node_modules\requirejs-babel\package.json
80 verbose installManyTop reading scoped package data from F:\web\project\alienjs\public\js\node_modules\seajs\package.json
81 verbose installManyTop reading scoped package data from F:\web\project\alienjs\public\js\node_modules\seajs-combo\package.json
82 verbose installManyTop reading scoped package data from F:\web\project\alienjs\public\js\node_modules\seajs-css\package.json
83 verbose installManyTop reading scoped package data from F:\web\project\alienjs\public\js\node_modules\seajs-flush\package.json
84 verbose installManyTop reading scoped package data from F:\web\project\alienjs\public\js\node_modules\seajs-preload\package.json
85 verbose installManyTop reading scoped package data from F:\web\project\alienjs\public\js\node_modules\seajs-text\package.json
86 verbose installManyTop reading scoped package data from F:\web\project\alienjs\public\js\node_modules\seajs-wrap\package.json
87 verbose installManyTop reading scoped package data from F:\web\project\alienjs\public\js\node_modules\select2\package.json
88 verbose installManyTop reading scoped package data from F:\web\project\alienjs\public\js\node_modules\slide\package.json
89 verbose installManyTop reading scoped package data from F:\web\project\alienjs\public\js\node_modules\swfobject\package.json
90 verbose installManyTop reading scoped package data from F:\web\project\alienjs\public\js\node_modules\swipe\package.json
91 verbose installManyTop reading scoped package data from F:\web\project\alienjs\public\js\node_modules\test\package.json
92 verbose installManyTop reading scoped package data from F:\web\project\alienjs\public\js\node_modules\traceur\package.json
93 verbose installManyTop reading scoped package data from F:\web\project\alienjs\public\js\node_modules\tweets-slide\package.json
94 verbose installManyTop reading scoped package data from F:\web\project\alienjs\public\js\node_modules\txmap\package.json
95 verbose installManyTop reading scoped package data from F:\web\project\alienjs\public\js\node_modules\viewport\package.json
96 verbose installManyTop reading scoped package data from F:\web\project\alienjs\public\js\node_modules\webuploader-0.1.5\package.json
97 verbose installManyTop reading scoped package data from F:\web\project\alienjs\public\js\node_modules\weixinapi\package.json
98 verbose installManyTop reading scoped package data from F:\web\project\alienjs\public\js\node_modules\wscratchpad\package.json
99 verbose installManyTop reading scoped package data from F:\web\project\alienjs\public\js\node_modules\zyUpload\package.json
100 warn package.json alienjs-loader@1.0.0 No README data
101 warn package.json alienjs-ajaxpanel@1.0.0 No README data
102 warn package.json alienjs-autocomplete@1.0.0 No README data
103 warn package.json alienjs-combo@1.0.8 No README data
104 warn package.json fileupload@1.0.0 No README data
105 warn package.json alienjs-grade@1.0.0 No README data
106 warn package.json alienjs-jade@1.0.0 No README data
107 warn package.json alienjs-spinner@1.0.2 No README data
108 warn package.json es5@1.0.0 No README data
109 warn package.json jquery-fancybox@1.0.0 No README data
110 warn package.json jquery-animate@1.0.2 No README data
111 warn package.json jquery-cookie@1.0.2 No README data
112 warn package.json jquery-easing@1.3.0 No repository field.
113 warn package.json jquery-easing@1.3.0 No README data
114 warn package.json jquery-md5@1.0.0 No README data
115 warn package.json jquery-migrate@2.1.3 No README data
116 warn package.json jquery-migrate@1.2.1 No README data
117 warn package.json jquery-plus@1.0.0 No README data
118 warn package.json jquery-transitionEnd@1.0.0 Normalized value of bugs field is an empty object. Deleted.
119 warn package.json jquery-transitionEnd@1.0.0 No README data
120 warn package.json kindeditor@4.1.7 No repository field.
121 warn package.json kindeditor@4.1.7 No README data
122 warn package.json prettify@1.0.0 Normalized value of bugs field is an empty object. Deleted.
123 warn package.json prettify@1.0.0 No README data
124 warn package.json alienjs-viewport@1.1.0 No README data
125 warn package.json uploadfile@1.0.0 No README data
126 warn package.json alienjs-swipevent@1.0.0 Normalized value of bugs field is an empty object. Deleted.
127 warn package.json angular2@2.0.0-alpha.20 No repository field.
128 warn package.json lazyload@1.8.4 No repository field.
129 verbose readDependencies loading dependencies from F:\web\project\alienjs\public\js\package.json
130 silly cache add args [ 'shepherd-js', null ]
131 verbose cache add spec shepherd-js
132 silly cache add parsed spec { raw: 'shepherd-js',
132 silly cache add   scope: null,
132 silly cache add   name: 'shepherd-js',
132 silly cache add   rawSpec: '',
132 silly cache add   spec: '*',
132 silly cache add   type: 'range' }
133 silly addNamed shepherd-js@*
134 verbose addNamed "*" is a valid semver range for shepherd-js
135 silly addNameRange { name: 'shepherd-js', range: '*', hasData: false }
136 silly mapToRegistry name shepherd-js
137 silly mapToRegistry using default registry
138 silly mapToRegistry registry https://registry.npmjs.org/
139 silly mapToRegistry uri https://registry.npmjs.org/shepherd-js
140 verbose addNameRange registry:https://registry.npmjs.org/shepherd-js not in flight; fetching
141 verbose request uri https://registry.npmjs.org/shepherd-js
142 verbose request no auth needed
143 info attempt registry request try #1 at 16:08:23
144 verbose request id bcb3bee2d9c9b75c
145 http request GET https://registry.npmjs.org/shepherd-js
146 info retry will retry, error on last attempt: Error: connect ETIMEDOUT
147 info attempt registry request try #2 at 16:08:54
148 http request GET https://registry.npmjs.org/shepherd-js
149 http 404 https://registry.npmjs.org/shepherd-js
150 verbose headers { server: 'CouchDB/1.5.0 (Erlang OTP/R16B03)',
150 verbose headers   'content-type': 'application/json',
150 verbose headers   'cache-control': 'max-age=0',
150 verbose headers   'content-length': '51',
150 verbose headers   'accept-ranges': 'bytes',
150 verbose headers   date: 'Thu, 04 Jun 2015 08:09:19 GMT',
150 verbose headers   via: '1.1 varnish',
150 verbose headers   age: '0',
150 verbose headers   connection: 'keep-alive',
150 verbose headers   'x-served-by': 'cache-fra1232-FRA',
150 verbose headers   'x-cache': 'MISS',
150 verbose headers   'x-cache-hits': '0',
150 verbose headers   'x-timer': 'S1433405358.993136,VS0,VE430' }
151 silly get cb [ 404,
151 silly get   { server: 'CouchDB/1.5.0 (Erlang OTP/R16B03)',
151 silly get     'content-type': 'application/json',
151 silly get     'cache-control': 'max-age=0',
151 silly get     'content-length': '51',
151 silly get     'accept-ranges': 'bytes',
151 silly get     date: 'Thu, 04 Jun 2015 08:09:19 GMT',
151 silly get     via: '1.1 varnish',
151 silly get     age: '0',
151 silly get     connection: 'keep-alive',
151 silly get     'x-served-by': 'cache-fra1232-FRA',
151 silly get     'x-cache': 'MISS',
151 silly get     'x-cache-hits': '0',
151 silly get     'x-timer': 'S1433405358.993136,VS0,VE430' } ]
152 verbose stack Error: 404 Not Found: shepherd-js
152 verbose stack     at CachingRegistryClient.<anonymous> (F:\nodejs\node\node_modules\npm\node_modules\npm-registry-client\lib\request.js:245:14)
152 verbose stack     at Request._callback (F:\nodejs\node\node_modules\npm\node_modules\npm-registry-client\lib\request.js:170:14)
152 verbose stack     at Request.self.callback (F:\nodejs\node\node_modules\npm\node_modules\request\request.js:368:22)
152 verbose stack     at Request.emit (events.js:98:17)
152 verbose stack     at Request.<anonymous> (F:\nodejs\node\node_modules\npm\node_modules\request\request.js:1219:14)
152 verbose stack     at Request.emit (events.js:117:20)
152 verbose stack     at IncomingMessage.<anonymous> (F:\nodejs\node\node_modules\npm\node_modules\request\request.js:1167:12)
152 verbose stack     at IncomingMessage.emit (events.js:117:20)
152 verbose stack     at _stream_readable.js:943:16
152 verbose stack     at process._tickCallback (node.js:419:13)
153 verbose statusCode 404
154 verbose pkgid shepherd-js
155 verbose cwd F:\web\project\alienjs\public\js
156 error Windows_NT 6.1.7601
157 error argv "F:\\nodejs\\node\\\\node.exe" "F:\\nodejs\\node\\node_modules\\npm\\bin\\npm-cli.js" "install" "shepherd-js"
158 error node v0.10.31
159 error npm  v2.9.0
160 error code E404
161 error 404 Not Found: shepherd-js
161 error 404
161 error 404 'shepherd-js' is not in the npm registry.
161 error 404 You should bug the author to publish it (or use the name yourself!)
161 error 404 It was specified as a dependency of 'my-silly-app'
161 error 404
161 error 404 Note that you can also install from a
161 error 404 tarball, folder, http url, or git url.
162 verbose exit [ 1, true ]
